<?xml version="1.0" encoding="UTF-8"?>
<!-- Generated by org.testng.reporters.JUnitXMLReporter -->
<testsuite ignored="0" hostname="LAPTOP-C12P7LSH" failures="0" tests="6" name="Test" time="17.517" errors="0" timestamp="2025-10-23T00:51:06 IST">
  <testcase classname="api.test.DDTests" name="testPostUser" time="3.586"/>
  <testcase classname="api.test.DDTests" name="testPostUser" time="2.01"/>
  <testcase classname="api.test.DDTests" name="testPostUser" time="2.347"/>
  <testcase classname="api.test.DDTests" name="testDeleteUserByName" time="2.468"/>
  <testcase classname="api.test.DDTests" name="testDeleteUserByName" time="2.758"/>
  <testcase classname="api.test.DDTests" name="testDeleteUserByName" time="2.61"/>
</testsuite> <!-- Test -->
