<?xml version="1.0" encoding="UTF-8"?>
<!-- Generated by org.testng.reporters.JUnitXMLReporter -->
<testsuite ignored="0" hostname="LAPTOP-C12P7LSH" failures="0" tests="6" name="Test" time="18.18" errors="0" timestamp="2025-12-31T19:10:28 IST">
  <testcase classname="api.test.DDTests" name="testPostUser" time="3.999"/>
  <testcase classname="api.test.DDTests" name="testPostUser" time="2.838"/>
  <testcase classname="api.test.DDTests" name="testPostUser" time="2.562"/>
  <testcase classname="api.test.DDTests" name="testDeleteUserByName" time="2.918"/>
  <testcase classname="api.test.DDTests" name="testDeleteUserByName" time="2.447"/>
  <testcase classname="api.test.DDTests" name="testDeleteUserByName" time="2.297"/>
</testsuite> <!-- Test -->
