<?xml version="1.0" encoding="UTF-8"?>
<!-- Generated by org.testng.reporters.JUnitXMLReporter -->
<testsuite ignored="0" hostname="LAPTOP-C12P7LSH" failures="0" tests="15" name="Test" time="32.573" errors="0" timestamp="2026-01-01T16:16:04 IST">
  <testcase classname="test.TC_007_DDStoreTests" name="storePostTest" time="3.244"/>
  <testcase classname="test.TC_007_DDStoreTests" name="storePostTest" time="2.421"/>
  <testcase classname="test.TC_007_DDStoreTests" name="storePostTest" time="2.153"/>
  <testcase classname="test.TC_007_DDStoreTests" name="storePostTest" time="2.047"/>
  <testcase classname="test.TC_007_DDStoreTests" name="storePostTest" time="1.841"/>
  <testcase classname="test.TC_007_DDStoreTests" name="storeGetTest" time="2.065"/>
  <testcase classname="test.TC_007_DDStoreTests" name="storeGetTest" time="1.951"/>
  <testcase classname="test.TC_007_DDStoreTests" name="storeGetTest" time="2.038"/>
  <testcase classname="test.TC_007_DDStoreTests" name="storeGetTest" time="2.038"/>
  <testcase classname="test.TC_007_DDStoreTests" name="storeGetTest" time="2.164"/>
  <testcase classname="test.TC_007_DDStoreTests" name="storeDeleteTest" time="1.957"/>
  <testcase classname="test.TC_007_DDStoreTests" name="storeDeleteTest" time="1.952"/>
  <testcase classname="test.TC_007_DDStoreTests" name="storeDeleteTest" time="1.752"/>
  <testcase classname="test.TC_007_DDStoreTests" name="storeDeleteTest" time="1.596"/>
  <testcase classname="test.TC_007_DDStoreTests" name="storeDeleteTest" time="1.837"/>
</testsuite> <!-- Test -->
