<?xml version="1.0" encoding="UTF-8"?>
<testng-results ignored="0" total="3" passed="3" failed="0" skipped="0">
  <reporter-output>
  </reporter-output>
  <suite started-at="2026-01-01T12:47:39 IST" name="Suite" finished-at="2026-01-01T12:47:46 IST" duration-ms="7349">
    <groups>
    </groups>
    <test started-at="2026-01-01T12:47:39 IST" name="Test" finished-at="2026-01-01T12:47:46 IST" duration-ms="7349">
      <class name="test.TC_005_StoreTest_02">
        <test-method is-config="true" signature="setUp()[pri:0, instance:test.TC_005_StoreTest_02@479d31f3]" started-at="2026-01-01T12:47:39 IST" name="setUp" finished-at="2026-01-01T12:47:39 IST" duration-ms="32" status="PASS">
          <reporter-output>
          </reporter-output>
        </test-method> <!-- setUp -->
        <test-method signature="testPostStore()[pri:1, instance:test.TC_005_StoreTest_02@479d31f3]" started-at="2026-01-01T12:47:39 IST" name="testPostStore" finished-at="2026-01-01T12:47:42 IST" duration-ms="3037" status="PASS">
          <reporter-output>
          </reporter-output>
        </test-method> <!-- testPostStore -->
        <test-method signature="testGetStore()[pri:2, instance:test.TC_005_StoreTest_02@479d31f3]" started-at="2026-01-01T12:47:42 IST" name="testGetStore" finished-at="2026-01-01T12:47:45 IST" duration-ms="2308" status="PASS">
          <reporter-output>
          </reporter-output>
        </test-method> <!-- testGetStore -->
        <test-method signature="testDeleteStore()[pri:3, instance:test.TC_005_StoreTest_02@479d31f3]" started-at="2026-01-01T12:47:45 IST" name="testDeleteStore" finished-at="2026-01-01T12:47:46 IST" duration-ms="1843" status="PASS">
          <reporter-output>
          </reporter-output>
        </test-method> <!-- testDeleteStore -->
      </class> <!-- test.TC_005_StoreTest_02 -->
    </test> <!-- Test -->
  </suite> <!-- Suite -->
</testng-results>
