<?xml version="1.0" encoding="UTF-8"?>
<!-- Generated by org.testng.reporters.JUnitReportReporter -->
<testsuite hostname="LAPTOP-C12P7LSH" failures="0" tests="6" name="api.test.DDTests" time="15.779" errors="0" timestamp="2025-10-23T00:51:06 IST" skipped="0">
  <testcase classname="api.test.DDTests" name="testPostUser" time="2.010"/>
  <system-out/>
  <testcase classname="api.test.DDTests" name="testPostUser" time="3.586"/>
  <system-out/>
  <testcase classname="api.test.DDTests" name="testPostUser" time="2.347"/>
  <system-out/>
  <testcase classname="api.test.DDTests" name="testDeleteUserByName" time="2.610"/>
  <system-out/>
  <testcase classname="api.test.DDTests" name="testDeleteUserByName" time="2.468"/>
  <system-out/>
  <testcase classname="api.test.DDTests" name="testDeleteUserByName" time="2.758"/>
  <system-out/>
</testsuite> <!-- api.test.DDTests -->
