<?xml version="1.0" encoding="UTF-8"?>
<!-- Generated by org.testng.reporters.JUnitReportReporter -->
<testsuite hostname="LAPTOP-C12P7LSH" failures="0" tests="3" name="test.TC_005_StoreTest_02" time="7.188" errors="0" timestamp="2026-01-01T12:47:47 IST" skipped="0">
  <testcase classname="test.TC_005_StoreTest_02" name="testPostStore" time="3.037"/>
  <system-out/>
  <testcase classname="test.TC_005_StoreTest_02" name="testGetStore" time="2.308"/>
  <system-out/>
  <testcase classname="test.TC_005_StoreTest_02" name="testDeleteStore" time="1.843"/>
  <system-out/>
</testsuite> <!-- test.TC_005_StoreTest_02 -->
