<?xml version="1.0" encoding="UTF-8"?>
<!-- Generated by org.testng.reporters.JUnitReportReporter -->
<testsuite hostname="LAPTOP-C12P7LSH" failures="0" tests="4" name="test.UserTests2" time="13.461" errors="0" timestamp="2026-01-01T00:18:11 IST" skipped="0">
  <testcase classname="test.UserTests2" name="testPostUser" time="2.493"/>
  <system-out/>
  <testcase classname="test.UserTests2" name="testGetUserByName" time="3.110"/>
  <system-out/>
  <testcase classname="test.UserTests2" name="testUpdateUserByName" time="5.505"/>
  <system-out/>
  <testcase classname="test.UserTests2" name="testDeleteUserByName" time="2.353"/>
  <system-out/>
</testsuite> <!-- test.UserTests2 -->
