<?xml version="1.0" encoding="UTF-8"?>
<!-- Generated by org.testng.reporters.JUnitReportReporter -->
<testsuite hostname="LAPTOP-C12P7LSH" failures="0" tests="3" name="test.StoreTest" time="7.667" errors="0" timestamp="2026-01-01T00:01:57 IST" skipped="0">
  <testcase classname="test.StoreTest" name="testPostStore" time="3.146"/>
  <system-out/>
  <testcase classname="test.StoreTest" name="testGetStore" time="2.303"/>
  <system-out/>
  <testcase classname="test.StoreTest" name="testDeleteStore" time="2.218"/>
  <system-out/>
</testsuite> <!-- test.StoreTest -->
