<?xml version="1.0" encoding="UTF-8"?>
<!-- Generated by org.testng.reporters.JUnitReportReporter -->
<testsuite hostname="LAPTOP-C12P7LSH" failures="0" tests="4" name="test.UserTests" time="15.546" errors="0" timestamp="2026-01-01T00:18:11 IST" skipped="0">
  <testcase classname="test.UserTests" name="testPostUser" time="4.289"/>
  <system-out/>
  <testcase classname="test.UserTests" name="testGetUserByName" time="2.559"/>
  <system-out/>
  <testcase classname="test.UserTests" name="testUpdateUserByName" time="5.423"/>
  <system-out/>
  <testcase classname="test.UserTests" name="testDeleteUserByName" time="3.275"/>
  <system-out/>
</testsuite> <!-- test.UserTests -->
