<?xml version="1.0" encoding="UTF-8"?>
<!-- Generated by org.testng.reporters.JUnitReportReporter -->
<testsuite hostname="LAPTOP-C12P7LSH" failures="0" tests="6" name="test.DDUserTests" time="12.938" errors="0" timestamp="2026-01-01T00:01:57 IST" skipped="0">
  <testcase classname="test.DDUserTests" name="testPostUser" time="1.890"/>
  <system-out/>
  <testcase classname="test.DDUserTests" name="testPostUser" time="2.041"/>
  <system-out/>
  <testcase classname="test.DDUserTests" name="testPostUser" time="2.181"/>
  <system-out/>
  <testcase classname="test.DDUserTests" name="testDeleteUserByName" time="2.021"/>
  <system-out/>
  <testcase classname="test.DDUserTests" name="testDeleteUserByName" time="2.661"/>
  <system-out/>
  <testcase classname="test.DDUserTests" name="testDeleteUserByName" time="2.144"/>
  <system-out/>
</testsuite> <!-- test.DDUserTests -->
