<?xml version="1.0" encoding="UTF-8"?>
<!-- Generated by org.testng.reporters.JUnitReportReporter -->
<testsuite hostname="LAPTOP-C12P7LSH" failures="0" tests="6" name="api.test.DDTests" time="17.061" errors="0" timestamp="2025-12-31T19:10:28 IST" skipped="0">
  <testcase classname="api.test.DDTests" name="testPostUser" time="2.838"/>
  <system-out/>
  <testcase classname="api.test.DDTests" name="testPostUser" time="2.562"/>
  <system-out/>
  <testcase classname="api.test.DDTests" name="testPostUser" time="3.999"/>
  <system-out/>
  <testcase classname="api.test.DDTests" name="testDeleteUserByName" time="2.297"/>
  <system-out/>
  <testcase classname="api.test.DDTests" name="testDeleteUserByName" time="2.447"/>
  <system-out/>
  <testcase classname="api.test.DDTests" name="testDeleteUserByName" time="2.918"/>
  <system-out/>
</testsuite> <!-- api.test.DDTests -->
