<?xml version="1.0" encoding="UTF-8"?>
<!-- Generated by org.testng.reporters.JUnitReportReporter -->
<testsuite hostname="LAPTOP-C12P7LSH" failures="0" tests="4" name="test.UserTests" time="11.751" errors="0" timestamp="2026-01-01T00:01:57 IST" skipped="0">
  <testcase classname="test.UserTests" name="testPostUser" time="3.342"/>
  <system-out/>
  <testcase classname="test.UserTests" name="testGetUserByName" time="2.176"/>
  <system-out/>
  <testcase classname="test.UserTests" name="testUpdateUserByName" time="4.192"/>
  <system-out/>
  <testcase classname="test.UserTests" name="testDeleteUserByName" time="2.041"/>
  <system-out/>
</testsuite> <!-- test.UserTests -->
