<?xml version="1.0" encoding="UTF-8"?>
<!-- Generated by org.testng.reporters.JUnitReportReporter -->
<testsuite hostname="LAPTOP-C12P7LSH" failures="0" tests="4" name="test.UserTests2" time="10.395" errors="0" timestamp="2026-01-01T00:01:57 IST" skipped="0">
  <testcase classname="test.UserTests2" name="testPostUser" time="2.512"/>
  <system-out/>
  <testcase classname="test.UserTests2" name="testGetUserByName" time="2.049"/>
  <system-out/>
  <testcase classname="test.UserTests2" name="testUpdateUserByName" time="4.082"/>
  <system-out/>
  <testcase classname="test.UserTests2" name="testDeleteUserByName" time="1.752"/>
  <system-out/>
</testsuite> <!-- test.UserTests2 -->
