<?xml version="1.0" encoding="UTF-8"?>
<!-- Generated by org.testng.reporters.JUnitReportReporter -->
<testsuite hostname="LAPTOP-C12P7LSH" failures="0" tests="15" name="test.TC_007_DDStoreTests" time="31.056" errors="0" timestamp="2026-01-01T16:16:04 IST" skipped="0">
  <testcase classname="test.TC_007_DDStoreTests" name="storePostTest" time="2.421"/>
  <system-out/>
  <testcase classname="test.TC_007_DDStoreTests" name="storePostTest" time="2.153"/>
  <system-out/>
  <testcase classname="test.TC_007_DDStoreTests" name="storePostTest" time="3.244"/>
  <system-out/>
  <testcase classname="test.TC_007_DDStoreTests" name="storePostTest" time="1.841"/>
  <system-out/>
  <testcase classname="test.TC_007_DDStoreTests" name="storePostTest" time="2.047"/>
  <system-out/>
  <testcase classname="test.TC_007_DDStoreTests" name="storeGetTest" time="2.164"/>
  <system-out/>
  <testcase classname="test.TC_007_DDStoreTests" name="storeGetTest" time="2.038"/>
  <system-out/>
  <testcase classname="test.TC_007_DDStoreTests" name="storeGetTest" time="1.951"/>
  <system-out/>
  <testcase classname="test.TC_007_DDStoreTests" name="storeGetTest" time="2.065"/>
  <system-out/>
  <testcase classname="test.TC_007_DDStoreTests" name="storeGetTest" time="2.038"/>
  <system-out/>
  <testcase classname="test.TC_007_DDStoreTests" name="storeDeleteTest" time="1.596"/>
  <system-out/>
  <testcase classname="test.TC_007_DDStoreTests" name="storeDeleteTest" time="1.837"/>
  <system-out/>
  <testcase classname="test.TC_007_DDStoreTests" name="storeDeleteTest" time="1.752"/>
  <system-out/>
  <testcase classname="test.TC_007_DDStoreTests" name="storeDeleteTest" time="1.952"/>
  <system-out/>
  <testcase classname="test.TC_007_DDStoreTests" name="storeDeleteTest" time="1.957"/>
  <system-out/>
</testsuite> <!-- test.TC_007_DDStoreTests -->
