<?xml version="1.0" encoding="UTF-8"?>
<!-- Generated by org.testng.reporters.JUnitReportReporter -->
<testsuite hostname="LAPTOP-C12P7LSH" failures="0" tests="6" name="api.test.DDTests" time="13.264" errors="0" timestamp="2025-10-23T11:32:08 IST" skipped="0">
  <testcase classname="api.test.DDTests" name="testPostUser" time="1.973"/>
  <system-out/>
  <testcase classname="api.test.DDTests" name="testPostUser" time="2.005"/>
  <system-out/>
  <testcase classname="api.test.DDTests" name="testPostUser" time="3.170"/>
  <system-out/>
  <testcase classname="api.test.DDTests" name="testDeleteUserByName" time="2.020"/>
  <system-out/>
  <testcase classname="api.test.DDTests" name="testDeleteUserByName" time="2.040"/>
  <system-out/>
  <testcase classname="api.test.DDTests" name="testDeleteUserByName" time="2.056"/>
  <system-out/>
</testsuite> <!-- api.test.DDTests -->
