<?xml version="1.0" encoding="UTF-8"?>
<!-- Generated by org.testng.reporters.JUnitReportReporter -->
<testsuite hostname="LAPTOP-C12P7LSH" failures="0" tests="6" name="test.DDUserTests" time="15.757" errors="0" timestamp="2026-01-01T00:18:11 IST" skipped="0">
  <testcase classname="test.DDUserTests" name="testPostUser" time="2.241"/>
  <system-out/>
  <testcase classname="test.DDUserTests" name="testPostUser" time="2.556"/>
  <system-out/>
  <testcase classname="test.DDUserTests" name="testPostUser" time="2.778"/>
  <system-out/>
  <testcase classname="test.DDUserTests" name="testDeleteUserByName" time="3.213"/>
  <system-out/>
  <testcase classname="test.DDUserTests" name="testDeleteUserByName" time="2.825"/>
  <system-out/>
  <testcase classname="test.DDUserTests" name="testDeleteUserByName" time="2.144"/>
  <system-out/>
</testsuite> <!-- test.DDUserTests -->
